<?xml version="1.0" encoding="UTF-8"?>
<!-- Generated by org.testng.reporters.JUnitReportReporter -->
<testsuite hostname="DESKTOP-HACC8E7" failures="0" tests="5" name="TestNgLearning.GroupTest" time="0.019" errors="0" timestamp="2021-06-22T15:16:05 IST" skipped="0">
  <testcase classname="TestNgLearning.GroupTest" name="testCase7" time="0.002"/>
  <system-out/>
  <testcase classname="TestNgLearning.GroupTest" name="testCase9" time="0.001"/>
  <system-out/>
  <testcase classname="TestNgLearning.GroupTest" name="testCase1" time="0.010"/>
  <system-out/>
  <testcase classname="TestNgLearning.GroupTest" name="testCase3" time="0.003"/>
  <system-out/>
  <testcase classname="TestNgLearning.GroupTest" name="testCase5" time="0.003"/>
  <system-out/>
</testsuite> <!-- TestNgLearning.GroupTest -->
