<?xml version="1.0" encoding="UTF-8"?>
<!-- Generated by org.testng.reporters.JUnitReportReporter -->
<testsuite hostname="DESKTOP-HACC8E7" failures="0" tests="1" name="TestNgLearning.TestCase1" time="7.513" errors="0" timestamp="2021-06-22T12:08:53 IST" skipped="0">
  <testcase classname="TestNgLearning.TestCase1" name="VerifyLoginPage" time="7.513"/>
  <system-out/>
</testsuite> <!-- TestNgLearning.TestCase1 -->
