<?xml version="1.0" encoding="UTF-8"?>
<!-- Generated by org.testng.reporters.JUnitReportReporter -->
<testsuite hostname="DESKTOP-HACC8E7" failures="0" tests="2" name="TestNgLearning.RunAll" time="0.007" errors="0" timestamp="2021-06-22T15:35:34 IST" skipped="0">
  <testcase classname="TestNgLearning.RunAll" name="tc1" time="0.005"/>
  <system-out/>
  <testcase classname="TestNgLearning.RunAll" name="tc2" time="0.002"/>
  <system-out/>
</testsuite> <!-- TestNgLearning.RunAll -->
