<?xml version="1.0" encoding="UTF-8"?>
<!-- Generated by org.testng.reporters.JUnitReportReporter -->
<testsuite hostname="DESKTOP-HACC8E7" failures="0" tests="1" name="TestNgLearning.TestCase2" time="0.018" errors="0" timestamp="2021-06-23T11:51:09 IST" skipped="0">
  <testcase classname="TestNgLearning.TestCase2" name="VerifyLoginPage" time="0.018"/>
  <system-out/>
</testsuite> <!-- TestNgLearning.TestCase2 -->
