<?xml version="1.0" encoding="UTF-8"?>
<!-- Generated by org.testng.reporters.JUnitReportReporter -->
<testsuite hostname="DESKTOP-HACC8E7" failures="0" tests="3" name="com.test.dataprovider.SeperateDataProvider" time="0.011" errors="0" timestamp="2022-12-04T18:02:18 IST" skipped="0">
  <testcase classname="com.test.dataprovider.SeperateDataProvider" name="IndicecExp" time="0.002"/>
  <system-out/>
  <testcase classname="com.test.dataprovider.SeperateDataProvider" name="IndicecExp" time="0.007"/>
  <system-out/>
  <testcase classname="com.test.dataprovider.SeperateDataProvider" name="IndicecExp" time="0.002"/>
  <system-out/>
</testsuite> <!-- com.test.dataprovider.SeperateDataProvider -->
