<?xml version="1.0" encoding="UTF-8"?>
<!-- Generated by org.testng.reporters.JUnitReportReporter -->
<testsuite hostname="DESKTOP-HACC8E7" failures="0" tests="3" name="com.igr.pack2.IgnoreAnnontaionExp1" time="0.012" errors="0" timestamp="2022-12-02T12:28:46 IST" skipped="0">
  <testcase classname="com.igr.pack2.IgnoreAnnontaionExp1" name="Test3" time="0.001"/>
  <system-out/>
  <testcase classname="com.igr.pack2.IgnoreAnnontaionExp1" name="Test2" time="0.002"/>
  <system-out/>
  <testcase classname="com.igr.pack2.IgnoreAnnontaionExp1" name="Test1" time="0.009"/>
  <system-out/>
</testsuite> <!-- com.igr.pack2.IgnoreAnnontaionExp1 -->
