<?xml version="1.0" encoding="UTF-8"?>
<!-- Generated by org.testng.reporters.JUnitReportReporter -->
<testsuite hostname="DESKTOP-HACC8E7" failures="0" tests="4" name="com.test.groups.GroupsAnnotation1" time="0.003" errors="0" timestamp="2022-12-04T11:22:16 IST" skipped="0">
  <testcase classname="com.test.groups.GroupsAnnotation1" name="Test1" time="0.000"/>
  <system-out/>
  <testcase classname="com.test.groups.GroupsAnnotation1" name="Test2" time="0.001"/>
  <system-out/>
  <testcase classname="com.test.groups.GroupsAnnotation1" name="Test3" time="0.001"/>
  <system-out/>
  <testcase classname="com.test.groups.GroupsAnnotation1" name="Test4" time="0.001"/>
  <system-out/>
</testsuite> <!-- com.test.groups.GroupsAnnotation1 -->
