<?xml version="1.0" encoding="UTF-8"?>
<!-- Generated by org.testng.reporters.JUnitReportReporter -->
<testsuite hostname="DESKTOP-HACC8E7" failures="0" tests="1" name="com.test.pack1.FirstClass" time="8.589" errors="0" timestamp="2022-12-02T23:05:42 IST" skipped="0">
  <testcase classname="com.test.pack1.FirstClass" name="TestGoogle" time="8.589"/>
  <system-out/>
</testsuite> <!-- com.test.pack1.FirstClass -->
