<?xml version="1.0" encoding="UTF-8"?>
<!-- Generated by org.testng.reporters.JUnitReportReporter -->
<testsuite hostname="DESKTOP-HACC8E7" failures="0" tests="2" name="com.test.dataprovider.IndicesDataProvider" time="0.006" errors="0" timestamp="2022-12-04T17:45:51 IST" skipped="0">
  <testcase classname="com.test.dataprovider.IndicesDataProvider" name="IndicecExp" time="0.001"/>
  <system-out/>
  <testcase classname="com.test.dataprovider.IndicesDataProvider" name="IndicecExp" time="0.005"/>
  <system-out/>
</testsuite> <!-- com.test.dataprovider.IndicesDataProvider -->
