<?xml version="1.0" encoding="UTF-8"?>
<!-- Generated by org.testng.reporters.JUnitReportReporter -->
<testsuite hostname="DESKTOP-HACC8E7" failures="0" tests="3" name="com.test.pack1.Practice" time="9.532" errors="0" timestamp="2022-12-02T23:05:42 IST" skipped="0">
  <testcase classname="com.test.pack1.Practice" name="LoginDetails" time="0.821"/>
  <system-out/>
  <testcase classname="com.test.pack1.Practice" name="LaunchApp" time="6.958"/>
  <system-out/>
  <testcase classname="com.test.pack1.Practice" name="VerifyLogin" time="1.753"/>
  <system-out/>
</testsuite> <!-- com.test.pack1.Practice -->
