<?xml version="1.0" encoding="UTF-8"?>
<!-- Generated by org.testng.reporters.JUnitReportReporter -->
<testsuite hostname="DESKTOP-HACC8E7" failures="0" tests="2" name="com.test.dataprovider.DataProviderExp" time="0.007" errors="0" timestamp="2022-12-04T17:25:34 IST" skipped="0">
  <testcase classname="com.test.dataprovider.DataProviderExp" name="TestString" time="0.001"/>
  <system-out/>
  <testcase classname="com.test.dataprovider.DataProviderExp" name="TestString" time="0.006"/>
  <system-out/>
</testsuite> <!-- com.test.dataprovider.DataProviderExp -->
