<?xml version="1.0" encoding="UTF-8"?>
<!-- Generated by org.testng.reporters.JUnitReportReporter -->
<testsuite hostname="DESKTOP-HACC8E7" failures="0" tests="1" name="com.test.pack1.AnnotationsExp" time="0.005" errors="0" timestamp="2022-11-30T20:30:55 IST" skipped="0">
  <testcase classname="com.test.pack1.AnnotationsExp" name="TestMethod" time="0.005"/>
  <system-out/>
</testsuite> <!-- com.test.pack1.AnnotationsExp -->
