<?xml version="1.0" encoding="UTF-8"?>
<!-- Generated by org.testng.reporters.JUnitReportReporter -->
<testsuite hostname="DESKTOP-HACC8E7" failures="0" tests="6" name="com.test.pack1.PriorityExample" time="0.012" errors="0" timestamp="2022-12-02T12:00:47 IST" skipped="0">
  <testcase classname="com.test.pack1.PriorityExample" name="SignUp" time="0.007"/>
  <system-out/>
  <testcase classname="com.test.pack1.PriorityExample" name="Login" time="0.001"/>
  <system-out/>
  <testcase classname="com.test.pack1.PriorityExample" name="SearchForTheFlight" time="0.001"/>
  <system-out/>
  <testcase classname="com.test.pack1.PriorityExample" name="BookTheFlight" time="0.001"/>
  <system-out/>
  <testcase classname="com.test.pack1.PriorityExample" name="SaveTheFlight" time="0.001"/>
  <system-out/>
  <testcase classname="com.test.pack1.PriorityExample" name="LogOut" time="0.001"/>
  <system-out/>
</testsuite> <!-- com.test.pack1.PriorityExample -->
