<?xml version="1.0" encoding="UTF-8"?>
<!-- Generated by org.testng.reporters.JUnitReportReporter -->
<testsuite hostname="DESKTOP-HACC8E7" failures="0" tests="3" name="com.test.groups.GrupsAnnotation2" time="0.000" errors="0" timestamp="2022-12-04T11:22:16 IST" skipped="0">
  <testcase classname="com.test.groups.GrupsAnnotation2" name="Test5" time="0.000"/>
  <system-out/>
  <testcase classname="com.test.groups.GrupsAnnotation2" name="Test6" time="0.000"/>
  <system-out/>
  <testcase classname="com.test.groups.GrupsAnnotation2" name="Test7" time="0.000"/>
  <system-out/>
</testsuite> <!-- com.test.groups.GrupsAnnotation2 -->
