<?xml version="1.0" encoding="UTF-8"?>
<!-- Generated by org.testng.reporters.JUnitReportReporter -->
<testsuite hostname="DESKTOP-HACC8E7" failures="0" tests="7" name="com.test.dependency.DependencyGroups" time="0.021" errors="0" timestamp="2022-12-04T11:34:47 IST" skipped="0">
  <testcase classname="com.test.dependency.DependencyGroups" name="test5" time="0.002"/>
  <system-out/>
  <testcase classname="com.test.dependency.DependencyGroups" name="test2" time="0.002"/>
  <system-out/>
  <testcase classname="com.test.dependency.DependencyGroups" name="test3" time="0.001"/>
  <system-out/>
  <testcase classname="com.test.dependency.DependencyGroups" name="test4" time="0.001"/>
  <system-out/>
  <testcase classname="com.test.dependency.DependencyGroups" name="test7" time="0.002"/>
  <system-out/>
  <testcase classname="com.test.dependency.DependencyGroups" name="test6" time="0.002"/>
  <system-out/>
  <testcase classname="com.test.dependency.DependencyGroups" name="test1" time="0.011"/>
  <system-out/>
</testsuite> <!-- com.test.dependency.DependencyGroups -->
